<?xml version="1.0" encoding="UTF-8"?>
<!-- Generated by org.testng.reporters.JUnitReportReporter -->
<testsuite hostname="DESKTOP-JCJ8HOK" failures="0" tests="1" name="pack.RadioButton1" time="11.821" errors="0" timestamp="11 Jan 2022 03:12:46 GMT" skipped="0">
  <testcase classname="pack.RadioButton1" name="radioButtonTest" time="11.821"/>
</testsuite> <!-- pack.RadioButton1 -->
