<?xml version="1.0" encoding="UTF-8"?>
<!-- Generated by org.testng.reporters.JUnitReportReporter -->
<testsuite hostname="DESKTOP-JCJ8HOK" failures="0" tests="6" name="actions.MouseOperations" time="13.675" errors="0" timestamp="17 Feb 2022 03:29:22 GMT" skipped="5">
  <testcase classname="actions.MouseOperations" name="autosuggetion" time="13.675"/>
  <testcase classname="actions.MouseOperations" name="browserSlider">
    <skipped/>
  </testcase> <!-- browserSlider -->
  <testcase classname="actions.MouseOperations" name="dragDrop">
    <skipped/>
  </testcase> <!-- dragDrop -->
  <testcase classname="actions.MouseOperations" name="slider">
    <skipped/>
  </testcase> <!-- slider -->
  <testcase classname="actions.MouseOperations" name="rightClick">
    <skipped/>
  </testcase> <!-- rightClick -->
  <testcase classname="actions.MouseOperations" name="moveToElement">
    <skipped/>
  </testcase> <!-- moveToElement -->
</testsuite> <!-- actions.MouseOperations -->
