<?xml version="1.0" encoding="UTF-8"?>
<!-- Generated by org.testng.reporters.JUnitReportReporter -->
<testsuite hostname="DESKTOP-JCJ8HOK" failures="0" tests="3" name="excelOperations.DataManagementWithDataProvider" time="0.025" errors="0" timestamp="04 Feb 2022 03:17:37 GMT" skipped="0">
  <testcase classname="excelOperations.DataManagementWithDataProvider" name="f" time="0.016"/>
  <testcase classname="excelOperations.DataManagementWithDataProvider" name="f" time="0.004"/>
  <testcase classname="excelOperations.DataManagementWithDataProvider" name="f" time="0.005"/>
</testsuite> <!-- excelOperations.DataManagementWithDataProvider -->
