<?xml version="1.0" encoding="UTF-8"?>
<!-- Generated by org.testng.reporters.JUnitReportReporter -->
<testsuite hostname="DESKTOP-JCJ8HOK" failures="0" tests="4" name="pack.TestDependency" time="0.028" errors="0" timestamp="21 Jan 2022 03:25:34 GMT" skipped="2">
  <testcase classname="pack.TestDependency" name="orange" time="0.020"/>
  <testcase classname="pack.TestDependency" name="white" time="0.005"/>
  <testcase classname="pack.TestDependency" name="blue" time="0.003">
    <skipped/>
  </testcase> <!-- blue -->
  <testcase classname="pack.TestDependency" name="green" time="0.000">
    <skipped/>
  </testcase> <!-- green -->
</testsuite> <!-- pack.TestDependency -->
