<?xml version="1.0" encoding="UTF-8"?>
<!-- Generated by org.testng.reporters.JUnitReportReporter -->
<testsuite hostname="DESKTOP-JCJ8HOK" failures="0" tests="1" name="pack.CheckBox1" time="14.447" errors="0" timestamp="21 Jan 2022 03:06:34 GMT" skipped="0">
  <testcase classname="pack.CheckBox1" name="checkboxTest" time="14.447"/>
</testsuite> <!-- pack.CheckBox1 -->
