<?xml version="1.0" encoding="UTF-8"?>
<!-- Generated by org.testng.reporters.JUnitReportReporter -->
<testsuite hostname="DESKTOP-JCJ8HOK" failures="0" tests="3" name="pack.NewTest2" time="0.038" errors="0" timestamp="10 Jan 2022 03:29:20 GMT" skipped="1">
  <testcase classname="pack.NewTest2" name="f" time="0.029"/>
  <testcase classname="pack.NewTest2" name="a" time="0.009"/>
  <testcase classname="pack.NewTest2" name="z">
    <skipped/>
  </testcase> <!-- z -->
</testsuite> <!-- pack.NewTest2 -->
