<?xml version="1.0" encoding="UTF-8"?>
<!-- Generated by org.testng.reporters.JUnitReportReporter -->
<testsuite hostname="DESKTOP-JCJ8HOK" failures="0" tests="2" name="excelOperations.DataManagementWithHashTable" time="0.040" errors="0" timestamp="04 Feb 2022 03:31:38 GMT" skipped="0">
  <testcase classname="excelOperations.DataManagementWithHashTable" name="f" time="0.032"/>
  <testcase classname="excelOperations.DataManagementWithHashTable" name="f" time="0.008"/>
</testsuite> <!-- excelOperations.DataManagementWithHashTable -->
