<?xml version="1.0" encoding="UTF-8"?>
<!-- Generated by org.testng.reporters.JUnitReportReporter -->
<testsuite hostname="DESKTOP-JCJ8HOK" failures="0" tests="1" name="pack.NewTest1" time="0.044" errors="0" timestamp="10 Jan 2022 03:09:05 GMT" skipped="0">
  <testcase classname="pack.NewTest1" name="f" time="0.044"/>
</testsuite> <!-- pack.NewTest1 -->
