<?xml version="1.0" encoding="UTF-8"?>
<!-- Generated by org.testng.reporters.JUnitReportReporter -->
<testsuite hostname="DESKTOP-JCJ8HOK" failures="0" tests="1" name="pageobjectmodel.POM_001" time="22.273" errors="0" timestamp="08 Feb 2022 03:08:47 GMT" skipped="0">
  <testcase classname="pageobjectmodel.POM_001" name="f" time="22.273"/>
</testsuite> <!-- pageobjectmodel.POM_001 -->
