<?xml version="1.0" encoding="UTF-8"?>
<!-- Generated by org.testng.reporters.JUnitReportReporter -->
<testsuite hostname="DESKTOP-JCJ8HOK" failures="0" tests="2" name="excelOperations.DataManagementFinalVersion" time="0.037" errors="0" timestamp="04 Feb 2022 03:40:49 GMT" skipped="0">
  <testcase classname="excelOperations.DataManagementFinalVersion" name="f" time="0.033"/>
  <testcase classname="excelOperations.DataManagementFinalVersion" name="f" time="0.004"/>
</testsuite> <!-- excelOperations.DataManagementFinalVersion -->
