<?xml version="1.0" encoding="UTF-8"?>
<!-- Generated by org.testng.reporters.JUnitReportReporter -->
<testsuite hostname="DESKTOP-JCJ8HOK" failures="0" tests="1" name="pack.LinksTesting1" time="8.712" errors="0" timestamp="11 Jan 2022 03:12:46 GMT" skipped="0">
  <testcase classname="pack.LinksTesting1" name="linktesting1" time="8.712"/>
</testsuite> <!-- pack.LinksTesting1 -->
