<?xml version="1.0" encoding="UTF-8"?>
<!-- Generated by org.testng.reporters.JUnitReportReporter -->
<testsuite hostname="DESKTOP-JCJ8HOK" failures="0" tests="1" name="switches.FileUpload" time="21.574" errors="0" timestamp="08 Mar 2022 01:51:13 GMT" skipped="0">
  <testcase classname="switches.FileUpload" name="fileupload" time="21.574"/>
</testsuite> <!-- switches.FileUpload -->
