<?xml version="1.0" encoding="UTF-8"?>
<!-- Generated by org.testng.reporters.JUnitReportReporter -->
<testsuite hostname="DESKTOP-JCJ8HOK" failures="0" tests="1" name="suiteB.TestB2" time="4.023" errors="0" timestamp="20 Jan 2022 03:07:09 GMT" skipped="0">
  <testcase classname="suiteB.TestB2" name="f" time="4.023"/>
</testsuite> <!-- suiteB.TestB2 -->
