<?xml version="1.0" encoding="UTF-8"?>
<!-- Generated by org.testng.reporters.JUnitReportReporter -->
<testsuite hostname="DESKTOP-JCJ8HOK" failures="0" tests="3" name="excelOperations.NewTest" time="0.060" errors="0" timestamp="04 Feb 2022 03:03:08 GMT" skipped="0">
  <testcase classname="excelOperations.NewTest" name="f" time="0.003"/>
  <testcase classname="excelOperations.NewTest" name="f" time="0.029"/>
  <testcase classname="excelOperations.NewTest" name="f" time="0.028"/>
</testsuite> <!-- excelOperations.NewTest -->
