<?xml version="1.0" encoding="UTF-8"?>
<!-- Generated by org.testng.reporters.JUnitReportReporter -->
<testsuite hostname="DESKTOP-JCJ8HOK" failures="0" tests="3" name="suitesParallel.NewTest" time="0.175" errors="0" timestamp="20 Jan 2022 03:31:55 GMT" skipped="0">
  <testcase classname="suitesParallel.NewTest" name="test2" time="0.071"/>
  <testcase classname="suitesParallel.NewTest" name="test1" time="0.071"/>
  <testcase classname="suitesParallel.NewTest" name="test3" time="0.033"/>
</testsuite> <!-- suitesParallel.NewTest -->
