<?xml version="1.0" encoding="UTF-8"?>
<!-- Generated by org.testng.reporters.JUnitReportReporter -->
<testsuite hostname="DESKTOP-JCJ8HOK" failures="0" tests="3" name="testcases.BookingSearch" time="0.019" errors="0" timestamp="28 Jan 2022 03:23:27 GMT" skipped="0">
  <testcase classname="testcases.BookingSearch" name="selectHotel" time="0.000"/>
  <testcase classname="testcases.BookingSearch" name="entertGuestInformation" time="0.000"/>
  <testcase classname="testcases.BookingSearch" name="searchHotel" time="0.019"/>
</testsuite> <!-- testcases.BookingSearch -->
