<?xml version="1.0" encoding="UTF-8"?>
<!-- Generated by org.testng.reporters.JUnitReportReporter -->
<testsuite hostname="DESKTOP-JCJ8HOK" failures="0" tests="4" name="testcases.PaymentManager" time="0.027" errors="0" timestamp="26 Jan 2022 03:42:58 GMT" skipped="0">
  <testcase classname="testcases.PaymentManager" name="applyDiscount" time="0.000"/>
  <testcase classname="testcases.PaymentManager" name="makePayment" time="0.009"/>
  <testcase classname="testcases.PaymentManager" name="makePayment" time="0.016"/>
  <testcase classname="testcases.PaymentManager" name="applyDiscount" time="0.002"/>
</testsuite> <!-- testcases.PaymentManager -->
