<?xml version="1.0" encoding="UTF-8"?>
<!-- Generated by org.testng.reporters.JUnitReportReporter -->
<testsuite hostname="DESKTOP-JCJ8HOK" failures="0" tests="1" name="testcases.Login" time="0.026" errors="0" timestamp="28 Jan 2022 02:58:20 GMT" skipped="0">
  <testcase classname="testcases.Login" name="f" time="0.026"/>
</testsuite> <!-- testcases.Login -->
