<?xml version="1.0" encoding="UTF-8"?>
<!-- Generated by org.testng.reporters.JUnitReportReporter -->
<testsuite hostname="DESKTOP-JCJ8HOK" failures="0" tests="2" name="testcases.CustomerCommunication" time="0.001" errors="0" timestamp="28 Jan 2022 03:23:27 GMT" skipped="0">
  <testcase classname="testcases.CustomerCommunication" name="checkMobileVerification" time="0.000"/>
  <testcase classname="testcases.CustomerCommunication" name="checkEmailVerification" time="0.001"/>
</testsuite> <!-- testcases.CustomerCommunication -->
