<?xml version="1.0" encoding="UTF-8"?>
<!-- Generated by org.testng.reporters.JUnitReportReporter -->
<testsuite hostname="DESKTOP-JCJ8HOK" failures="0" tests="2" name="testcases.PaymentManager" time="0.000" errors="0" timestamp="28 Jan 2022 03:23:27 GMT" skipped="0">
  <testcase classname="testcases.PaymentManager" name="applyDiscount" time="0.000"/>
  <testcase classname="testcases.PaymentManager" name="makePayment" time="0.000"/>
</testsuite> <!-- testcases.PaymentManager -->
