<?xml version="1.0" encoding="UTF-8"?>
<!-- Generated by org.testng.reporters.JUnitReportReporter -->
<testsuite hostname="DESKTOP-JCJ8HOK" failures="0" tests="6" name="testcases.BookingSearch" time="0.052" errors="0" timestamp="26 Jan 2022 03:42:58 GMT" skipped="0">
  <testcase classname="testcases.BookingSearch" name="searchHotel" time="0.032"/>
  <testcase classname="testcases.BookingSearch" name="entertGuestInformation" time="0.002"/>
  <testcase classname="testcases.BookingSearch" name="entertGuestInformation" time="0.003"/>
  <testcase classname="testcases.BookingSearch" name="selectHotel" time="0.009"/>
  <testcase classname="testcases.BookingSearch" name="selectHotel" time="0.002"/>
  <testcase classname="testcases.BookingSearch" name="searchHotel" time="0.004"/>
</testsuite> <!-- testcases.BookingSearch -->
