<?xml version="1.0" encoding="UTF-8"?>
<!-- Generated by org.testng.reporters.JUnitReportReporter -->
<testsuite hostname="DESKTOP-JCJ8HOK" failures="0" tests="1" name="testcases.Session" time="21.482" errors="0" timestamp="11 Apr 2022 01:50:51 GMT" skipped="0">
  <testcase classname="testcases.Session" name="doLogin" time="21.482"/>
</testsuite> <!-- testcases.Session -->
