<?xml version="1.0" encoding="UTF-8"?>
<!-- Generated by org.testng.reporters.JUnitReportReporter -->
<testsuite hostname="DESKTOP-JCJ8HOK" failures="0" tests="1" name="testcases.Session" time="18.921" errors="0" timestamp="12 Apr 2022 01:36:42 GMT" skipped="0">
  <testcase classname="testcases.Session" name="doLogin" time="18.921"/>
</testsuite> <!-- testcases.Session -->
