<?xml version="1.0" encoding="UTF-8"?>
<!-- Generated by org.testng.reporters.JUnitReportReporter -->
<testsuite hostname="DESKTOP-JCJ8HOK" failures="0" tests="2" name="testcases.PortifolioManagement" time="0.017" errors="0" timestamp="17 Mar 2022 01:55:37 GMT" skipped="0">
  <testcase classname="testcases.PortifolioManagement" name="createPortifolio" time="0.011"/>
  <testcase classname="testcases.PortifolioManagement" name="deletePortifolio" time="0.006"/>
</testsuite> <!-- testcases.PortifolioManagement -->
