<?xml version="1.0" encoding="UTF-8"?>
<!-- Generated by org.testng.reporters.JUnitReportReporter -->
<testsuite hostname="DESKTOP-JCJ8HOK" failures="0" tests="1" name="testcases.PortifolioManagement" time="0.004" errors="0" timestamp="11 Apr 2022 01:50:51 GMT" skipped="0">
  <testcase classname="testcases.PortifolioManagement" name="createPortifolio" time="0.004"/>
</testsuite> <!-- testcases.PortifolioManagement -->
