<?xml version="1.0" encoding="UTF-8"?>
<!-- Generated by org.testng.reporters.JUnitReportReporter -->
<testsuite hostname="DESKTOP-JCJ8HOK" failures="0" tests="1" name="testcases.Session" time="59.001" errors="0" timestamp="20 Apr 2022 01:53:39 GMT" skipped="0">
  <testcase classname="testcases.Session" name="doLogin" time="59.001"/>
</testsuite> <!-- testcases.Session -->
