<?xml version="1.0" encoding="UTF-8"?>
<!-- Generated by org.testng.reporters.JUnitReportReporter -->
<testsuite hostname="DESKTOP-JCJ8HOK" failures="0" tests="2" name="testcases.Session" time="0.030" errors="0" timestamp="17 Mar 2022 01:55:37 GMT" skipped="0">
  <testcase classname="testcases.Session" name="doLogin" time="0.004"/>
  <testcase classname="testcases.Session" name="doLogin" time="0.026"/>
</testsuite> <!-- testcases.Session -->
